-------------------------------------------------------------------------------
Test set: ChangingDataTest
-------------------------------------------------------------------------------
Tests run: 6, Failures: 1, Errors: 0, Skipped: 0, Time elapsed: 21.115 s <<< FAILURE! - in ChangingDataTest
changeUserNameWithoutAuthIsSuccess(ChangingDataTest)  Time elapsed: 0.353 s  <<< FAILURE!
java.lang.AssertionError: 
1 expectation failed.
Expected status code <200> but was <403>.

	at ChangingDataTest.prepareTestData(ChangingDataTest.java:39)

