-------------------------------------------------------------------------------
Test set: ChangingDataTest
-------------------------------------------------------------------------------
Tests run: 6, Failures: 6, Errors: 0, Skipped: 0, Time elapsed: 12.836 s <<< FAILURE! - in ChangingDataTest
changeUserPasswordWithoutAuthIsSuccess(ChangingDataTest)  Time elapsed: 10.287 s  <<< FAILURE!
java.lang.AssertionError: 
1 expectation failed.
Expected status code <200> but was <400>.

	at ChangingDataTest.prepareTestData(ChangingDataTest.java:38)

changeUserEmailWithAuthIsSuccess(ChangingDataTest)  Time elapsed: 0.516 s  <<< FAILURE!
java.lang.AssertionError: 
1 expectation failed.
Expected status code <200> but was <400>.

	at ChangingDataTest.prepareTestData(ChangingDataTest.java:38)

changeUserEmailWithoutAuthIsSuccess(ChangingDataTest)  Time elapsed: 0.467 s  <<< FAILURE!
java.lang.AssertionError: 
1 expectation failed.
Expected status code <200> but was <400>.

	at ChangingDataTest.prepareTestData(ChangingDataTest.java:38)

changeUserNameWithoutAuthIsSuccess(ChangingDataTest)  Time elapsed: 0.35 s  <<< FAILURE!
java.lang.AssertionError: 
1 expectation failed.
Expected status code <200> but was <400>.

	at ChangingDataTest.prepareTestData(ChangingDataTest.java:38)

changeUserPassWithAuthIsSuccessTest(ChangingDataTest)  Time elapsed: 0.284 s  <<< FAILURE!
java.lang.AssertionError: 
1 expectation failed.
Expected status code <200> but was <400>.

	at ChangingDataTest.prepareTestData(ChangingDataTest.java:38)

changeUserNameWithAuthIsSuccess(ChangingDataTest)  Time elapsed: 0.304 s  <<< FAILURE!
java.lang.AssertionError: 
1 expectation failed.
Expected status code <200> but was <400>.

	at ChangingDataTest.prepareTestData(ChangingDataTest.java:38)

