<?xml version="1.0" encoding="UTF-8"?>
<testsuite xmlns:xsi="http://www.w3.org/2001/XMLSchema-instance" xsi:noNamespaceSchemaLocation="https://maven.apache.org/surefire/maven-surefire-plugin/xsd/surefire-test-report.xsd" name="ChangingDataTest" time="13.514" tests="6" errors="0" skipped="0" failures="6">
  <properties>
[...]
</properties>
  <testcase name="changeUserPasswordWithoutAuthIsSuccess" classname="ChangingDataTest" time="10.551">
    <failure message="1 expectation failed.&#10;Expected status code &lt;200&gt; but was &lt;403&gt;.&#10;" type="java.lang.AssertionError"><![CDATA[java.lang.AssertionError: 
1 expectation failed.
Expected status code <200> but was <403>.

	at ChangingDataTest.prepareTestData(ChangingDataTest.java:38)
]]></failure>
  </testcase>
  <testcase name="changeUserEmailWithAuthIsSuccess" classname="ChangingDataTest" time="0.584">
    <failure message="1 expectation failed.&#10;Expected status code &lt;200&gt; but was &lt;403&gt;.&#10;" type="java.lang.AssertionError"><![CDATA[java.lang.AssertionError: 
1 expectation failed.
Expected status code <200> but was <403>.

	at ChangingDataTest.prepareTestData(ChangingDataTest.java:38)
]]></failure>
  </testcase>
  <testcase name="changeUserPasswordWithAuthIsSuccess" classname="ChangingDataTest" time="0.726">
    <failure message="1 expectation failed.&#10;Expected status code &lt;200&gt; but was &lt;403&gt;.&#10;" type="java.lang.AssertionError"><![CDATA[java.lang.AssertionError: 
1 expectation failed.
Expected status code <200> but was <403>.

	at ChangingDataTest.prepareTestData(ChangingDataTest.java:38)
]]></failure>
  </testcase>
  <testcase name="changeUserEmailWithoutAuthIsSuccess" classname="ChangingDataTest" time="0.433">
    <failure message="1 expectation failed.&#10;Expected status code &lt;200&gt; but was &lt;403&gt;.&#10;" type="java.lang.AssertionError"><![CDATA[java.lang.AssertionError: 
1 expectation failed.
Expected status code <200> but was <403>.

	at ChangingDataTest.prepareTestData(ChangingDataTest.java:38)
]]></failure>
  </testcase>
  <testcase name="changeUserNameWithoutAuthIsSuccess" classname="ChangingDataTest" time="0.298">
    <failure message="1 expectation failed.&#10;Expected status code &lt;200&gt; but was &lt;403&gt;.&#10;" type="java.lang.AssertionError"><![CDATA[java.lang.AssertionError: 
1 expectation failed.
Expected status code <200> but was <403>.

	at ChangingDataTest.prepareTestData(ChangingDataTest.java:38)
]]></failure>
  </testcase>
  <testcase name="changeUserNameWithAuthIsSuccess" classname="ChangingDataTest" time="0.309">
    <failure message="1 expectation failed.&#10;Expected status code &lt;200&gt; but was &lt;403&gt;.&#10;" type="java.lang.AssertionError"><![CDATA[java.lang.AssertionError: 
1 expectation failed.
Expected status code <200> but was <403>.

	at ChangingDataTest.prepareTestData(ChangingDataTest.java:38)
]]></failure>
  </testcase>
</testsuite>