-------------------------------------------------------------------------------
Test set: UserLoginTest
-------------------------------------------------------------------------------
Tests run: 5, Failures: 1, Errors: 0, Skipped: 0, Time elapsed: 2.636 s <<< FAILURE! - in UserLoginTest
loginUserIsSuccess(UserLoginTest)  Time elapsed: 0.522 s  <<< FAILURE!
java.lang.AssertionError: 
1 expectation failed.
Expected status code <200> but was <401>.

	at UserLoginTest.loginUserIsSuccess(UserLoginTest.java:62)

