-------------------------------------------------------------------------------
Test set: UserLoginTest
-------------------------------------------------------------------------------
Tests run: 5, Failures: 1, Errors: 0, Skipped: 0, Time elapsed: 10.421 s <<< FAILURE! - in UserLoginTest
loginUserWithoutEmailIsFailedTest(UserLoginTest)  Time elapsed: 1.272 s  <<< FAILURE!
java.lang.AssertionError: 
1 expectation failed.
Expected status code <401> but was <403>.

	at UserLoginTest.loginUserWithoutEmailIsFailedTest(UserLoginTest.java:80)

